<?xml version="1.0" encoding="UTF-8"?>
<!-- Generated by org.testng.reporters.JUnitReportReporter -->
<testsuite hostname="Petchs-MBP.fios-router.home" failures="0" tests="2" name="apiTests.PetStoreAPI_Tests" time="1.999" errors="0" timestamp="2022-02-20T12:04:59 EST" skipped="0">
  <testcase classname="apiTests.PetStoreAPI_Tests" name="getPetByID" time="0.184"/>
  <system-out/>
  <testcase classname="apiTests.PetStoreAPI_Tests" name="createAPet" time="1.815"/>
  <system-out/>
</testsuite> <!-- apiTests.PetStoreAPI_Tests -->
